#
# A fatal error has been detected by the Java Runtime Environment:
#
#  Internal Error (javaClasses.cpp:129), pid=552, tid=828
#  fatal error: Invalid layout of preloaded class
#
# JRE version: 7.0_07-b10
# Java VM: Java HotSpot(TM) Client VM (23.3-b01 mixed mode windows-x86 )
# Failed to write core dump. Minidumps are not enabled by default on client versions of Windows
#
# If you would like to submit a bug report, please visit:
#   http://bugreport.sun.com/bugreport/crash.jsp
#

---------------  T H R E A D  ---------------

Current thread (0x00868400):  JavaThread "Unknown thread" [_thread_in_vm, id=828, stack(0x00950000,0x009a0000)]

Stack: [0x00950000,0x009a0000],  sp=0x0099fb2c,  free space=318k
Native frames: (J=compiled Java code, j=interpreted, Vv=VM code, C=native code)
V  [jvm.dll+0x16f2f1]
V  [jvm.dll+0x169496]
V  [jvm.dll+0x2082f]
V  [jvm.dll+0x208b6]
V  [jvm.dll+0x2e64d]
V  [jvm.dll+0x2e8f9]
V  [jvm.dll+0x77d01]
V  [jvm.dll+0x780bb]
V  [jvm.dll+0x1290e1]
V  [jvm.dll+0x149b8a]
V  [jvm.dll+0xa997f]
C  [javaw.exe+0x1359]
C  [javaw.exe+0x1dbb]
C  [javaw.exe+0xa0eb]
C  [javaw.exe+0xa175]
C  [kernel32.dll+0xb729]  GetModuleFileNameA+0x1ba


---------------  P R O C E S S  ---------------

Java Threads: ( => current thread )

Other Threads:

=>0x00868400 (exited) JavaThread "Unknown thread" [_thread_in_vm, id=828, stack(0x00950000,0x009a0000)]

VM state:not at safepoint (not fully initialized)

VM Mutex/Monitor currently owned by a thread: None

GC Heap History (0 events):
No events

Deoptimization events (0 events):
No events

Internal exceptions (0 events):
No events

Events (10 events):
Event: 0.090 loading class 0x02a70470 done
Event: 0.091 loading class 0x0086fda8 done
Event: 0.091 loading class 0x0086fd80
Event: 0.091 loading class 0x02ac3ca8
Event: 0.091 loading class 0x02ac3ca8 done
Event: 0.091 loading class 0x02ac3ce0
Event: 0.091 loading class 0x02ac3ce0 done
Event: 0.091 loading class 0x02ac3d18
Event: 0.091 loading class 0x02ac3d18 done
Event: 0.091 loading class 0x0086fd80 done


Dynamic libraries:
0x00400000 - 0x0042f000 	C:\Program Files\Java\jre7\bin\javaw.exe
0x7c930000 - 0x7c9ce000 	C:\WINDOWS\system32\ntdll.dll
0x7c7d0000 - 0x7c900000 	C:\WINDOWS\system32\kernel32.dll
0x77f50000 - 0x77ff8000 	C:\WINDOWS\system32\ADVAPI32.dll
0x77d80000 - 0x77e12000 	C:\WINDOWS\system32\RPCRT4.dll
0x77ef0000 - 0x77f01000 	C:\WINDOWS\system32\Secur32.dll
0x77cf0000 - 0x77d80000 	C:\WINDOWS\system32\USER32.dll
0x77e20000 - 0x77e69000 	C:\WINDOWS\system32\GDI32.dll
0x77160000 - 0x77263000 	C:\WINDOWS\WinSxS\x86_Microsoft.Windows.Common-Controls_6595b64144ccf1df_6.0.2600.5512_x-ww_35d4ce83\COMCTL32.dll
0x77bc0000 - 0x77c18000 	C:\WINDOWS\system32\msvcrt.dll
0x77e70000 - 0x77ee6000 	C:\WINDOWS\system32\SHLWAPI.dll
0x762e0000 - 0x762fd000 	C:\WINDOWS\system32\IMM32.DLL
0x62340000 - 0x62349000 	C:\WINDOWS\system32\LPK.DLL
0x73f80000 - 0x73feb000 	C:\WINDOWS\system32\USP10.dll
0x78aa0000 - 0x78b5e000 	C:\Program Files\Java\jre7\bin\msvcr100.dll
0x6e750000 - 0x6ea9c000 	C:\Program Files\Java\jre7\bin\client\jvm.dll
0x71a00000 - 0x71a0b000 	C:\WINDOWS\system32\WSOCK32.dll
0x719e0000 - 0x719f7000 	C:\WINDOWS\system32\WS2_32.dll
0x719d0000 - 0x719d8000 	C:\WINDOWS\system32\WS2HELP.dll
0x76af0000 - 0x76b1b000 	C:\WINDOWS\system32\WINMM.dll
0x76ba0000 - 0x76bab000 	C:\WINDOWS\system32\PSAPI.DLL
0x6e6a0000 - 0x6e6ac000 	C:\Program Files\Java\jre7\bin\verify.dll
0x6d480000 - 0x6d4a0000 	C:\Program Files\Java\jre7\bin\java.dll
0x6e730000 - 0x6e743000 	C:\Program Files\Java\jre7\bin\zip.dll
0x58de0000 - 0x58e81000 	C:\WINDOWS\system32\dbghelp.dll
0x77bb0000 - 0x77bb8000 	C:\WINDOWS\system32\VERSION.dll

VM Arguments:
jvm_args: -Dfile.encoding=MS949 -Xbootclasspath:D:\android\android-sdk-windows\platforms\android-16\android.jar 
java_command: my.andr.intent.gallery.Lotto
Launcher Type: SUN_STANDARD

Environment Variables:
JAVA_HOME=C:\Program Files\Java\jdk1.7.0_07
PATH=C:/Program Files/Java/jre7/bin/client;C:/Program Files/Java/jre7/bin;C:/Program Files/Java/jre7/lib/i386;C:\WINDOWS\system32;C:\WINDOWS;C:\WINDOWS\System32\Wbem;C:\Program Files\Kaspersky Lab\Kaspersky Anti-Virus 6.0 for Windows Workstations MP4\;C:\Program Files\Java\jdk1.7.0_07\bin;D:\android\eclipse;
USERNAME=mds
OS=Windows_NT
PROCESSOR_IDENTIFIER=x86 Family 6 Model 23 Stepping 10, GenuineIntel



---------------  S Y S T E M  ---------------

OS: Windows XP Build 2600 Service Pack 3

CPU:total 2 (2 cores per cpu, 1 threads per core) family 6 model 23 stepping 10, cmov, cx8, fxsr, mmx, sse, sse2, sse3, ssse3, tsc

Memory: 4k page, physical 2085780k(344088k free), swap 4024280k(1768864k free)

vm_info: Java HotSpot(TM) Client VM (23.3-b01) for windows-x86 JRE (1.7.0_07-b10), built on Aug 28 2012 19:49:22 by "java_re" with unknown MS VC++:1600

time: Wed Sep 12 14:31:43 2012
elapsed time: 0 seconds

